<?xml version="1.0" encoding="UTF-8"?>
<testsuite name="billTest" tests="8" skipped="0" failures="0" errors="0" timestamp="2023-04-09T12:26:31" hostname="LAPTOP-H0QUE6T9" time="0.126">
  <properties/>
  <testcase name="[1] 2022-03-27 10:00:00, 2022-03-27 10:15:00, 0.75" classname="billTest" time="0.092"/>
  <testcase name="[2] 2022-03-27 10:00:00, 2022-03-27 10:20:00, 1.0" classname="billTest" time="0.002"/>
  <testcase name="[3] 2022-03-27 10:00:00, 2022-03-27 10:30:00, 2.0" classname="billTest" time="0.002"/>
  <testcase name="[4] 2022-03-13 01:30:00, 2022-03-13 03:30:00, 6.0" classname="billTest" time="0.003"/>
  <testcase name="[5] 2022-11-06 01:30:00, 2022-11-06 03:30:00, 16.0" classname="billTest" time="0.002"/>
  <testcase name="[6] 2022-01-12 17:32:00, 2022-01-12 17:56:00, 1.4" classname="billTest" time="0.002"/>
  <testcase name="[7] 2022-01-12 17:21:33, 2022-01-12 17:25:53, 0.25" classname="billTest" time="0.002"/>
  <testcase name="[8] 2022-04-09 21:32:00, 2022-04-09 21:25:00, 0.35" classname="billTest" time="0.002"/>
  <system-out><![CDATA[]]></system-out>
  <system-err><![CDATA[]]></system-err>
</testsuite>
